<?xml version="1.0" encoding="UTF-8"?>
<!-- Generated by org.testng.reporters.JUnitReportReporter -->
<testsuite skipped="0" hostname="LAPTOP-5LEHV7LQ" name="Test.Project.VerifyValidLogin" tests="1" failures="0" timestamp="20 Jun 2019 13:43:08 GMT" time="62.555" errors="0">
  <testcase name="checkValidUser" time="62.555" classname="Test.Project.VerifyValidLogin"/>
</testsuite> <!-- Test.Project.VerifyValidLogin -->
